<?xml version="1.0" encoding="UTF-8"?>
<testng-results skipped="0" failed="0" total="1" passed="1">
  <reporter-output>
  </reporter-output>
  <suite name="Default suite" duration-ms="173" started-at="2021-11-24T09:57:22Z" finished-at="2021-11-24T09:57:22Z">
    <groups>
    </groups>
    <test name="Default test" duration-ms="173" started-at="2021-11-24T09:57:22Z" finished-at="2021-11-24T09:57:22Z">
      <class name="TestNGDemo.Practice">
        <test-method status="PASS" signature="setBefore()[pri:0, instance:TestNGDemo.Practice@6833ce2c]" name="setBefore" is-config="true" duration-ms="65" started-at="2021-11-24T15:27:22Z" finished-at="2021-11-24T15:27:22Z">
          <reporter-output>
          </reporter-output>
        </test-method> <!-- setBefore -->
        <test-method status="PASS" signature="setData()[pri:0, instance:TestNGDemo.Practice@6833ce2c]" name="setData" duration-ms="11" started-at="2021-11-24T15:27:22Z" finished-at="2021-11-24T15:27:22Z">
          <reporter-output>
          </reporter-output>
        </test-method> <!-- setData -->
        <test-method status="PASS" signature="getAfter()[pri:0, instance:TestNGDemo.Practice@6833ce2c]" name="getAfter" is-config="true" duration-ms="1" started-at="2021-11-24T15:27:22Z" finished-at="2021-11-24T15:27:22Z">
          <reporter-output>
          </reporter-output>
        </test-method> <!-- getAfter -->
      </class> <!-- TestNGDemo.Practice -->
    </test> <!-- Default test -->
  </suite> <!-- Default suite -->
</testng-results>
