<?xml version="1.0" encoding="UTF-8"?>
<!-- Generated by org.testng.reporters.JUnitXMLReporter -->
<testsuite hostname="LAPTOP-J5DNP8DQ" name="Test" tests="9" failures="0" timestamp="1 Jan 2021 12:56:01 GMT" time="0.092" errors="0">
  <testcase name="setData" time="0.006" classname="TestNGDemo.Practice"/>
  <testcase name="getData" time="0.002" classname="TestNGDemo.TestNGdemo"/>
  <testcase name="setData" time="0.005" classname="TestNGDemo.Practice2"/>
  <testcase name="afterpractice" time="0.002" classname="TestNGDemo.practice3"/>
  <testcase name="getafter" time="0.002" classname="TestNGDemo.practice3"/>
  <testcase name="getbefor" time="0.001" classname="TestNGDemo.practice3"/>
  <testcase name="getdata" time="0.001" classname="TestNGDemo.practice3"/>
  <testcase name="practice" time="0.001" classname="TestNGDemo.practice3"/>
  <testcase name="getdata" time="0.001" classname="TestNGDemo.practice4"/>
</testsuite> <!-- Test -->
